Determining if the pthread_create exist failed with the following output:
Change Dir: /home/daslab-server1/Rakshit/ros/build/CMakeFiles/CMakeTmp

Run Build Command:/usr/bin/make "cmTryCompileExec90433383/fast"
/usr/bin/make -f CMakeFiles/cmTryCompileExec90433383.dir/build.make CMakeFiles/cmTryCompileExec90433383.dir/build
make[1]: Entering directory `/home/daslab-server1/Rakshit/ros/build/CMakeFiles/CMakeTmp'
/usr/bin/cmake -E cmake_progress_report /home/daslab-server1/Rakshit/ros/build/CMakeFiles/CMakeTmp/CMakeFiles 1
Building C object CMakeFiles/cmTryCompileExec90433383.dir/CheckSymbolExists.c.o
/usr/bin/cc    -o CMakeFiles/cmTryCompileExec90433383.dir/CheckSymbolExists.c.o   -c /home/daslab-server1/Rakshit/ros/build/CMakeFiles/CMakeTmp/CheckSymbolExists.c
Linking C executable cmTryCompileExec90433383
/usr/bin/cmake -E cmake_link_script CMakeFiles/cmTryCompileExec90433383.dir/link.txt --verbose=1
/usr/bin/cc       CMakeFiles/cmTryCompileExec90433383.dir/CheckSymbolExists.c.o  -o cmTryCompileExec90433383 -rdynamic 
CMakeFiles/cmTryCompileExec90433383.dir/CheckSymbolExists.c.o: In function `main':
CheckSymbolExists.c:(.text+0x16): undefined reference to `pthread_create'
collect2: error: ld returned 1 exit status
make[1]: *** [cmTryCompileExec90433383] Error 1
make[1]: Leaving directory `/home/daslab-server1/Rakshit/ros/build/CMakeFiles/CMakeTmp'
make: *** [cmTryCompileExec90433383/fast] Error 2

File /home/daslab-server1/Rakshit/ros/build/CMakeFiles/CMakeTmp/CheckSymbolExists.c:
/* */
#include <pthread.h>

int main(int argc, char** argv)
{
  (void)argv;
#ifndef pthread_create
  return ((int*)(&pthread_create))[argc];
#else
  (void)argc;
  return 0;
#endif
}

Determining if the function pthread_create exists in the pthreads failed with the following output:
Change Dir: /home/daslab-server1/Rakshit/ros/build/CMakeFiles/CMakeTmp

Run Build Command:/usr/bin/make "cmTryCompileExec1341216632/fast"
/usr/bin/make -f CMakeFiles/cmTryCompileExec1341216632.dir/build.make CMakeFiles/cmTryCompileExec1341216632.dir/build
make[1]: Entering directory `/home/daslab-server1/Rakshit/ros/build/CMakeFiles/CMakeTmp'
/usr/bin/cmake -E cmake_progress_report /home/daslab-server1/Rakshit/ros/build/CMakeFiles/CMakeTmp/CMakeFiles 1
Building C object CMakeFiles/cmTryCompileExec1341216632.dir/CheckFunctionExists.c.o
/usr/bin/cc   -DCHECK_FUNCTION_EXISTS=pthread_create   -o CMakeFiles/cmTryCompileExec1341216632.dir/CheckFunctionExists.c.o   -c /usr/share/cmake-2.8/Modules/CheckFunctionExists.c
Linking C executable cmTryCompileExec1341216632
/usr/bin/cmake -E cmake_link_script CMakeFiles/cmTryCompileExec1341216632.dir/link.txt --verbose=1
/usr/bin/cc   -DCHECK_FUNCTION_EXISTS=pthread_create    CMakeFiles/cmTryCompileExec1341216632.dir/CheckFunctionExists.c.o  -o cmTryCompileExec1341216632 -rdynamic -lpthreads 
/usr/bin/ld: cannot find -lpthreads
collect2: error: ld returned 1 exit status
make[1]: *** [cmTryCompileExec1341216632] Error 1
make[1]: Leaving directory `/home/daslab-server1/Rakshit/ros/build/CMakeFiles/CMakeTmp'
make: *** [cmTryCompileExec1341216632/fast] Error 2


